<?xml version="1.0" encoding="UTF-8"?>
<!-- Generated by org.testng.reporters.JUnitXMLReporter -->
<testsuite ignored="0" hostname="LAPTOP-TNKFVTJ9" failures="2" tests="8" name="Functional Test" time="71.409" errors="0" timestamp="2026-05-28T21:22:10 IST">
  <testcase classname="pranav.Assertions" name="CheckTitle" time="38.826">
    <failure type="java.lang.AssertionError" message="expected [Google] but found [google.com]">
      <![CDATA[java.lang.AssertionError: expected [Google] but found [google.com]
at pranav.Assertions.CheckTitle(Assertions.java:23)
at java.base/java.util.ArrayList.forEach(ArrayList.java:1511)
... Removed 33 stack frames]]>
    </failure>
  </testcase> <!-- CheckTitle -->
  <testcase classname="pranav.Annotations" name="TestCase01" time="0.001"/>
  <testcase classname="pranav.Annotations" name="TestCase02" time="0.001"/>
  <testcase classname="pranav.TestNGDemo" name="TestCasee01" time="0.001"/>
  <testcase classname="pranav.SoftAssertion" name="CheckTitleOfBrowser" time="32.48">
    <failure type="java.lang.AssertionError" message="The following asserts failed:
	expected [Google] but found [google.com]">
      <![CDATA[java.lang.AssertionError: The following asserts failed:
expected [Google] but found [google.com]
at pranav.SoftAssertion.CheckTitleOfBrowser(SoftAssertion.java:34)
at java.base/java.util.ArrayList.forEach(ArrayList.java:1511)
... Removed 29 stack frames]]>
    </failure>
  </testcase> <!-- CheckTitleOfBrowser -->
  <testcase classname="pranav.Grouping" name="TestCaseA" time="0.002"/>
  <testcase classname="pranav.Grouping" name="TestCaseB" time="0.001"/>
  <testcase classname="pranav.Grouping" name="TestCaseC" time="0.002"/>
</testsuite> <!-- Functional Test -->
