<?xml version="1.0" encoding="UTF-8"?>
<!-- Generated by org.testng.reporters.JUnitXMLReporter -->
<testsuite ignored="0" hostname="LAPTOP-TNKFVTJ9" failures="0" tests="8" name="Test" time="6.525" errors="0" timestamp="2026-05-28T20:59:04 IST">
  <testcase classname="pranav.TestNGDemo" name="TestCasee01" time="0.005"/>
  <testcase classname="pranav.SoftAssertion" name="CheckTitleOfBrowser" time="3.565"/>
  <testcase classname="pranav.Assertions" name="CheckTitle" time="2.852"/>
  <testcase classname="pranav.Grouping" name="TestCaseA" time="0.002"/>
  <testcase classname="pranav.Grouping" name="TestCaseB" time="0.002"/>
  <testcase classname="pranav.Grouping" name="TestCaseC" time="0.002"/>
  <testcase classname="pranav.Annotations" name="TestCase01" time="0.002"/>
  <testcase classname="pranav.Annotations" name="TestCase02" time="0.002"/>
</testsuite> <!-- Test -->
