<?xml version="1.0" encoding="UTF-8"?>
<testng-results ignored="0" total="1" passed="1" failed="0" skipped="0">
  <reporter-output>
  </reporter-output>
  <suite started-at="2026-05-28T14:07:24 IST" name="Default suite" finished-at="2026-05-28T14:07:36 IST" duration-ms="12480">
    <groups>
    </groups>
    <test started-at="2026-05-28T14:07:24 IST" name="Default test" finished-at="2026-05-28T14:07:36 IST" duration-ms="12480">
      <class name="pranav.Assertions">
        <test-method signature="CheckTitle()[pri:0, instance:pranav.Assertions@28701274]" started-at="2026-05-28T14:07:24 IST" name="CheckTitle" finished-at="2026-05-28T14:07:36 IST" duration-ms="12413" status="PASS">
          <reporter-output>
          </reporter-output>
        </test-method> <!-- CheckTitle -->
      </class> <!-- pranav.Assertions -->
    </test> <!-- Default test -->
  </suite> <!-- Default suite -->
</testng-results>
