<?xml version="1.0" encoding="UTF-8"?>
<!-- Generated by org.testng.reporters.JUnitXMLReporter -->
<testsuite ignored="0" hostname="LAPTOP-TNKFVTJ9" failures="0" tests="5" name="Test" time="0.176" errors="0" timestamp="2026-05-29T17:58:23 IST">
  <testcase classname="pranav.Grouping" name="TestCaseA" time="0.011"/>
  <testcase classname="pranav.Grouping" name="TestCaseB" time="0.003"/>
  <testcase classname="pranav.Grouping" name="TestCaseC" time="0.002"/>
  <testcase classname="pranav.Annotations" name="TestCase01" time="0.002"/>
  <testcase classname="pranav.Annotations" name="TestCase02" time="0.003"/>
</testsuite> <!-- Test -->
