<?xml version="1.0" encoding="UTF-8"?>
<!-- Generated by org.testng.reporters.JUnitXMLReporter -->
<testsuite ignored="2" hostname="LAPTOP-TNKFVTJ9" failures="0" tests="2" name="Regression" time="0.069" errors="0" timestamp="2026-05-29T18:17:46 IST">
  <testcase classname="pranav.Grouping" name="TestCaseB" time="0.007"/>
  <testcase classname="pranav.TestNGDemo" name="TestCasee01" time="0.002"/>
  <testcase classname="pranav.Grouping" name="TestCaseC" time="0.0">
    <ignored/>
  </testcase> <!-- TestCaseC -->
  <testcase classname="pranav.Grouping" name="TestCaseA" time="0.0">
    <ignored/>
  </testcase> <!-- TestCaseA -->
</testsuite> <!-- Regression -->
