<?xml version="1.0" encoding="UTF-8"?>
<!-- Generated by org.testng.reporters.JUnitXMLReporter -->
<testsuite ignored="1" hostname="LAPTOP-TNKFVTJ9" failures="0" tests="2" name="GRP-sanity" time="0.071" errors="0" timestamp="2026-05-28T20:51:34 IST">
  <testcase classname="pranav.Grouping" name="TestCaseB" time="0.008"/>
  <testcase classname="pranav.Grouping" name="TestCaseC" time="0.001"/>
  <testcase classname="pranav.Grouping" name="TestCaseA" time="0.0">
    <ignored/>
  </testcase> <!-- TestCaseA -->
</testsuite> <!-- GRP-sanity -->
