<?xml version="1.0" encoding="UTF-8"?>
<!-- Generated by org.testng.reporters.JUnitXMLReporter -->
<testsuite ignored="0" hostname="LAPTOP-TNKFVTJ9" failures="0" tests="3" name="GRP-Grouping-class" time="0.103" errors="0" timestamp="2026-05-28T18:24:55 IST">
  <testcase classname="pranav.Grouping" name="TestCaseA" time="0.01"/>
  <testcase classname="pranav.Grouping" name="TestCaseB" time="0.001"/>
  <testcase classname="pranav.Grouping" name="TestCaseC" time="0.001"/>
</testsuite> <!-- GRP-Grouping-class -->
